<?xml version="1.0" encoding="UTF-8"?>
<testsuite name="com.accolite.LibraryTest" tests="1" skipped="0" failures="0" errors="0" timestamp="2018-02-02T11:03:14" hostname="RADE-BLR-01" time="0.007">
  <properties/>
  <testcase name="testSomeLibraryMethod" classname="com.accolite.LibraryTest" time="0.007"/>
  <system-out><![CDATA[]]></system-out>
  <system-err><![CDATA[]]></system-err>
</testsuite>
